Using pre-set license
Built from '2020.3/release' branch; Version is '2020.3.7f1 (dd97f2c94397) revision 14522354'; Using compiler version '192528614'; Build Type 'Release'
OS: 'Windows 10 Home; OS build 19042.1526; Version 2009; 64bit' Language: 'en' Physical Memory: 16251 MB
BatchMode: 1, IsHumanControllingUs: 0, StartBugReporterOnCrash: 0, Is64bit: 1, IsPro: 0

 COMMAND LINE ARGUMENTS:
C:\Program Files\Unity\Hub\Editor\2020.3.7f1\Editor\Unity.exe
-adb2
-batchMode
-noUpm
-name
AssetImportWorker0
-projectPath
D:/work/game/Witchef
-logFile
Logs/AssetImportWorker0.log
-srvPort
11345
Successfully changed project path to: D:/work/game/Witchef
D:/work/game/Witchef
Using Asset Import Pipeline V2.
Refreshing native plugins compatible for Editor in 61.19 ms, found 1 plugins.
Preloading 0 native plugins for Editor in 0.00 ms.
Initialize engine version: 2020.3.7f1 (dd97f2c94397)
[Subsystems] Discovering subsystems at path C:/Program Files/Unity/Hub/Editor/2020.3.7f1/Editor/Data/Resources/UnitySubsystems
[Subsystems] Discovering subsystems at path D:/work/game/Witchef/Assets
GfxDevice: creating device client; threaded=0
Direct3D:
    Version:  Direct3D 11.0 [level 11.1]
    Renderer: NVIDIA GeForce GTX 1060 3GB (ID=0x1c02)
    Vendor:   
    VRAM:     2988 MB
    Driver:   26.21.14.3107
Shader 'Universal Render Pipeline/Particles/Lit': fallback shader 'Universal Render Pipeline/Particles/SimpleLit' not found
Initialize mono
Mono path[0] = 'C:/Program Files/Unity/Hub/Editor/2020.3.7f1/Editor/Data/Managed'
Mono path[1] = 'C:/Program Files/Unity/Hub/Editor/2020.3.7f1/Editor/Data/MonoBleedingEdge/lib/mono/unityjit'
Mono config path = 'C:/Program Files/Unity/Hub/Editor/2020.3.7f1/Editor/Data/MonoBleedingEdge/etc'
Using monoOptions --debugger-agent=transport=dt_socket,embedding=1,server=y,suspend=n,address=127.0.0.1:56228
Begin MonoManager ReloadAssembly
Registering precompiled unity dll's ...
Register platform support module: C:/Program Files/Unity/Hub/Editor/2020.3.7f1/Editor/Data/PlaybackEngines/WindowsStandaloneSupport/UnityEditor.WindowsStandalone.Extensions.dll
Registered in 0.003590 seconds.
Native extension for WindowsStandalone target not found
Refreshing native plugins compatible for Editor in 58.48 ms, found 1 plugins.
Preloading 0 native plugins for Editor in 0.00 ms.
Mono: successfully reloaded assembly
- Completed reload, in  1.214 seconds
Platform modules already initialized, skipping
Registering precompiled user dll's ...
Registered in 0.001630 seconds.
Begin MonoManager ReloadAssembly
Native extension for WindowsStandalone target not found
Refreshing native plugins compatible for Editor in 57.88 ms, found 1 plugins.
Preloading 0 native plugins for Editor in 0.00 ms.
Mono: successfully reloaded assembly
- Completed reload, in  0.973 seconds
Platform modules already initialized, skipping
========================================================================
Worker process is ready to serve import requests
Shader 'Universal Render Pipeline/Particles/Lit': fallback shader 'Universal Render Pipeline/Particles/SimpleLit' not found
Launched and connected shader compiler UnityShaderCompiler.exe after 0.06 seconds
Refreshing native plugins compatible for Editor in 0.57 ms, found 1 plugins.
Preloading 0 native plugins for Editor in 0.00 ms.
Unloading 2972 Unused Serialized files (Serialized files now loaded: 0)
System memory in use before: 133.2 MB.
System memory in use after: 133.3 MB.

Unloading 25 unused Assets to reduce memory usage. Loaded Objects now: 3413.
Total: 2.343300 ms (FindLiveObjects: 0.267700 ms CreateObjectMapping: 0.134200 ms MarkObjects: 1.823000 ms  DeleteObjects: 0.117800 ms)

========================================================================
Received Import Request.
  path: Assets/Scripts/Rolls/Rolls/WarlockF.asset
  artifactKey: Guid(a9167432554f7914cb2a276be13175f9) Importer(815301076,1909f56bfc062723c751e8b465ee728b)
Start importing Assets/Scripts/Rolls/Rolls/WarlockF.asset using Guid(a9167432554f7914cb2a276be13175f9) Importer(815301076,1909f56bfc062723c751e8b465ee728b)  -> (artifact id: '664532f63b95a09bb32967c4b04db847') in 0.073199 seconds
  Import took 0.077562 seconds .

========================================================================
Received Import Request.
  Time since last request: 4.041011 seconds.
  path: Assets/Scripts/CookingSystem.cs
  artifactKey: Guid(d7d5b9e292f353941aa6d3e30fcc73a6) Importer(815301076,1909f56bfc062723c751e8b465ee728b)
Start importing Assets/Scripts/CookingSystem.cs using Guid(d7d5b9e292f353941aa6d3e30fcc73a6) Importer(815301076,1909f56bfc062723c751e8b465ee728b)  -> (artifact id: 'cca994ddaea548b5efeceff429ae468a') in 0.014207 seconds
  Import took 0.018194 seconds .

========================================================================
Received Import Request.
  Time since last request: 0.008183 seconds.
  path: Assets/Scripts/CookingSystem.cs
  artifactKey: Guid(d7d5b9e292f353941aa6d3e30fcc73a6) Importer(815301076,1909f56bfc062723c751e8b465ee728b)
Start importing Assets/Scripts/CookingSystem.cs using Guid(d7d5b9e292f353941aa6d3e30fcc73a6) Importer(815301076,1909f56bfc062723c751e8b465ee728b)  -> (artifact id: 'cca994ddaea548b5efeceff429ae468a') in 0.001978 seconds
  Import took 0.006302 seconds .

========================================================================
Received Import Request.
  Time since last request: 2369.088863 seconds.
  path: Assets/Scripts/Slot.cs
  artifactKey: Guid(e8d5074e5a609de4090f2b3c4761d420) Importer(815301076,1909f56bfc062723c751e8b465ee728b)
Start importing Assets/Scripts/Slot.cs using Guid(e8d5074e5a609de4090f2b3c4761d420) Importer(815301076,1909f56bfc062723c751e8b465ee728b)  -> (artifact id: '3fb88cb5ffa8f5f60eec5d5206c34097') in 0.002208 seconds
  Import took 0.007231 seconds .

========================================================================
Received Prepare
Registering precompiled user dll's ...
Registered in 0.001669 seconds.
Begin MonoManager ReloadAssembly
Native extension for WindowsStandalone target not found
Refreshing native plugins compatible for Editor in 0.62 ms, found 1 plugins.
Preloading 0 native plugins for Editor in 0.00 ms.
Mono: successfully reloaded assembly
- Completed reload, in  0.960 seconds
Platform modules already initialized, skipping
Shader 'Universal Render Pipeline/Particles/Lit': fallback shader 'Universal Render Pipeline/Particles/SimpleLit' not found
Refreshing native plugins compatible for Editor in 0.57 ms, found 1 plugins.
Preloading 0 native plugins for Editor in 0.00 ms.
Unloading 2864 Unused Serialized files (Serialized files now loaded: 0)
System memory in use before: 126.3 MB.
System memory in use after: 126.4 MB.

Unloading 13 unused Assets to reduce memory usage. Loaded Objects now: 3418.
Total: 2.542700 ms (FindLiveObjects: 0.490600 ms CreateObjectMapping: 0.189400 ms MarkObjects: 1.752900 ms  DeleteObjects: 0.108400 ms)

========================================================================
Received Import Request.
  Time since last request: 812.900409 seconds.
  path: Assets/Prefabs/UI
  artifactKey: Guid(8fce394b802e5784a9408ad8601b936b) Importer(815301076,1909f56bfc062723c751e8b465ee728b)
Start importing Assets/Prefabs/UI using Guid(8fce394b802e5784a9408ad8601b936b) Importer(815301076,1909f56bfc062723c751e8b465ee728b)  -> (artifact id: '9ffef0a7570b7e8d334e6449aad21324') in 0.007734 seconds
  Import took 0.013068 seconds .

========================================================================
Received Import Request.
  Time since last request: 6.582877 seconds.
  path: Assets/Prefabs/UI/slot 1.prefab
  artifactKey: Guid(b0601fd46a242a34a83862580b586f1a) Importer(815301076,1909f56bfc062723c751e8b465ee728b)
Start importing Assets/Prefabs/UI/slot 1.prefab using Guid(b0601fd46a242a34a83862580b586f1a) Importer(815301076,1909f56bfc062723c751e8b465ee728b)  -> (artifact id: '131a01bf58714cb38a4430e4c017eabf') in 0.031186 seconds
  Import took 0.035507 seconds .

========================================================================
Received Prepare
Registering precompiled user dll's ...
Registered in 0.001916 seconds.
Begin MonoManager ReloadAssembly
Native extension for WindowsStandalone target not found
Refreshing native plugins compatible for Editor in 0.72 ms, found 1 plugins.
Preloading 0 native plugins for Editor in 0.00 ms.
Mono: successfully reloaded assembly
- Completed reload, in  0.940 seconds
Platform modules already initialized, skipping
Shader 'Universal Render Pipeline/Particles/Lit': fallback shader 'Universal Render Pipeline/Particles/SimpleLit' not found
Refreshing native plugins compatible for Editor in 0.57 ms, found 1 plugins.
Preloading 0 native plugins for Editor in 0.00 ms.
Unloading 2864 Unused Serialized files (Serialized files now loaded: 0)
System memory in use before: 126.4 MB.
System memory in use after: 126.5 MB.

Unloading 13 unused Assets to reduce memory usage. Loaded Objects now: 3422.
Total: 2.360100 ms (FindLiveObjects: 0.302500 ms CreateObjectMapping: 0.147000 ms MarkObjects: 1.795000 ms  DeleteObjects: 0.114500 ms)

========================================================================
Received Import Request.
  Time since last request: 7555.105510 seconds.
  path: Assets/Scripts/Inventory.cs
  artifactKey: Guid(74874ccaab59a704d8cf490cc97c958f) Importer(815301076,1909f56bfc062723c751e8b465ee728b)
Start importing Assets/Scripts/Inventory.cs using Guid(74874ccaab59a704d8cf490cc97c958f) Importer(815301076,1909f56bfc062723c751e8b465ee728b)  -> (artifact id: 'a75ce402c28b2f25e7303576f4512d2a') in 0.005646 seconds
  Import took 0.010101 seconds .

========================================================================
Received Prepare
Registering precompiled user dll's ...
Registered in 0.001701 seconds.
Begin MonoManager ReloadAssembly
Native extension for WindowsStandalone target not found
Refreshing native plugins compatible for Editor in 0.60 ms, found 1 plugins.
Preloading 0 native plugins for Editor in 0.00 ms.
Mono: successfully reloaded assembly
- Completed reload, in  0.944 seconds
Platform modules already initialized, skipping
Shader 'Universal Render Pipeline/Particles/Lit': fallback shader 'Universal Render Pipeline/Particles/SimpleLit' not found
Refreshing native plugins compatible for Editor in 0.57 ms, found 1 plugins.
Preloading 0 native plugins for Editor in 0.00 ms.
Unloading 2865 Unused Serialized files (Serialized files now loaded: 0)
System memory in use before: 126.4 MB.
System memory in use after: 126.5 MB.

Unloading 13 unused Assets to reduce memory usage. Loaded Objects now: 3427.
Total: 2.382900 ms (FindLiveObjects: 0.321600 ms CreateObjectMapping: 0.172300 ms MarkObjects: 1.781800 ms  DeleteObjects: 0.106200 ms)

========================================================================
Received Prepare
Registering precompiled user dll's ...
Registered in 0.001680 seconds.
Begin MonoManager ReloadAssembly
Native extension for WindowsStandalone target not found
Refreshing native plugins compatible for Editor in 0.61 ms, found 1 plugins.
Preloading 0 native plugins for Editor in 0.00 ms.
Mono: successfully reloaded assembly
- Completed reload, in  0.894 seconds
Platform modules already initialized, skipping
Shader 'Universal Render Pipeline/Particles/Lit': fallback shader 'Universal Render Pipeline/Particles/SimpleLit' not found
Refreshing native plugins compatible for Editor in 0.59 ms, found 1 plugins.
Preloading 0 native plugins for Editor in 0.00 ms.
Unloading 2865 Unused Serialized files (Serialized files now loaded: 0)
System memory in use before: 126.5 MB.
System memory in use after: 126.6 MB.

Unloading 13 unused Assets to reduce memory usage. Loaded Objects now: 3431.
Total: 2.781600 ms (FindLiveObjects: 0.431300 ms CreateObjectMapping: 0.229600 ms MarkObjects: 2.006600 ms  DeleteObjects: 0.113200 ms)

========================================================================
Received Import Request.
  Time since last request: 707.678384 seconds.
  path: Assets/Scripts/Slot.cs
  artifactKey: Guid(e8d5074e5a609de4090f2b3c4761d420) Importer(815301076,1909f56bfc062723c751e8b465ee728b)
Start importing Assets/Scripts/Slot.cs using Guid(e8d5074e5a609de4090f2b3c4761d420) Importer(815301076,1909f56bfc062723c751e8b465ee728b)  -> (artifact id: '41cf5c140502183d306667c430d0de1f') in 0.005509 seconds
  Import took 0.009804 seconds .

========================================================================
Received Import Request.
  Time since last request: 0.024654 seconds.
  path: Assets/Scripts/Slot.cs
  artifactKey: Guid(e8d5074e5a609de4090f2b3c4761d420) Importer(815301076,1909f56bfc062723c751e8b465ee728b)
Start importing Assets/Scripts/Slot.cs using Guid(e8d5074e5a609de4090f2b3c4761d420) Importer(815301076,1909f56bfc062723c751e8b465ee728b)  -> (artifact id: '41cf5c140502183d306667c430d0de1f') in 0.003203 seconds
  Import took 0.007384 seconds .

========================================================================
Received Prepare
Registering precompiled user dll's ...
Registered in 0.001634 seconds.
Begin MonoManager ReloadAssembly
Native extension for WindowsStandalone target not found
Refreshing native plugins compatible for Editor in 0.57 ms, found 1 plugins.
Preloading 0 native plugins for Editor in 0.00 ms.
Mono: successfully reloaded assembly
- Completed reload, in  0.876 seconds
Platform modules already initialized, skipping
Shader 'Universal Render Pipeline/Particles/Lit': fallback shader 'Universal Render Pipeline/Particles/SimpleLit' not found
Refreshing native plugins compatible for Editor in 0.57 ms, found 1 plugins.
Preloading 0 native plugins for Editor in 0.00 ms.
Unloading 2865 Unused Serialized files (Serialized files now loaded: 0)
System memory in use before: 126.5 MB.
System memory in use after: 126.6 MB.

Unloading 13 unused Assets to reduce memory usage. Loaded Objects now: 3435.
Total: 2.383200 ms (FindLiveObjects: 0.279000 ms CreateObjectMapping: 0.127200 ms MarkObjects: 1.869100 ms  DeleteObjects: 0.106700 ms)

========================================================================
Received Prepare
Registering precompiled user dll's ...
Registered in 0.001702 seconds.
Begin MonoManager ReloadAssembly
Native extension for WindowsStandalone target not found
Refreshing native plugins compatible for Editor in 0.58 ms, found 1 plugins.
Preloading 0 native plugins for Editor in 0.00 ms.
Mono: successfully reloaded assembly
- Completed reload, in  0.864 seconds
Platform modules already initialized, skipping
Shader 'Universal Render Pipeline/Particles/Lit': fallback shader 'Universal Render Pipeline/Particles/SimpleLit' not found
Refreshing native plugins compatible for Editor in 0.72 ms, found 1 plugins.
Preloading 0 native plugins for Editor in 0.00 ms.
Unloading 2865 Unused Serialized files (Serialized files now loaded: 0)
System memory in use before: 126.5 MB.
System memory in use after: 126.6 MB.

Unloading 13 unused Assets to reduce memory usage. Loaded Objects now: 3439.
Total: 2.567200 ms (FindLiveObjects: 0.313800 ms CreateObjectMapping: 0.179000 ms MarkObjects: 1.959500 ms  DeleteObjects: 0.113600 ms)

========================================================================
Received Prepare
Registering precompiled user dll's ...
Registered in 0.001663 seconds.
Begin MonoManager ReloadAssembly
Native extension for WindowsStandalone target not found
Refreshing native plugins compatible for Editor in 0.57 ms, found 1 plugins.
Preloading 0 native plugins for Editor in 0.00 ms.
Mono: successfully reloaded assembly
- Completed reload, in  0.858 seconds
Platform modules already initialized, skipping
Shader 'Universal Render Pipeline/Particles/Lit': fallback shader 'Universal Render Pipeline/Particles/SimpleLit' not found
Refreshing native plugins compatible for Editor in 0.58 ms, found 1 plugins.
Preloading 0 native plugins for Editor in 0.00 ms.
Unloading 2865 Unused Serialized files (Serialized files now loaded: 0)
System memory in use before: 126.5 MB.
System memory in use after: 126.6 MB.

Unloading 13 unused Assets to reduce memory usage. Loaded Objects now: 3443.
Total: 2.726400 ms (FindLiveObjects: 0.359500 ms CreateObjectMapping: 0.145800 ms MarkObjects: 2.113000 ms  DeleteObjects: 0.107200 ms)

========================================================================
Received Prepare
Registering precompiled user dll's ...
Registered in 0.001604 seconds.
Begin MonoManager ReloadAssembly
Native extension for WindowsStandalone target not found
Refreshing native plugins compatible for Editor in 0.57 ms, found 1 plugins.
Preloading 0 native plugins for Editor in 0.00 ms.
Mono: successfully reloaded assembly
- Completed reload, in  0.865 seconds
Platform modules already initialized, skipping
Shader 'Universal Render Pipeline/Particles/Lit': fallback shader 'Universal Render Pipeline/Particles/SimpleLit' not found
Refreshing native plugins compatible for Editor in 0.59 ms, found 1 plugins.
Preloading 0 native plugins for Editor in 0.00 ms.
Unloading 2865 Unused Serialized files (Serialized files now loaded: 0)
System memory in use before: 126.5 MB.
System memory in use after: 126.6 MB.

Unloading 13 unused Assets to reduce memory usage. Loaded Objects now: 3447.
Total: 2.369200 ms (FindLiveObjects: 0.301000 ms CreateObjectMapping: 0.124800 ms MarkObjects: 1.826200 ms  DeleteObjects: 0.116000 ms)

========================================================================
Received Prepare
Registering precompiled user dll's ...
Registered in 0.001691 seconds.
Begin MonoManager ReloadAssembly
Native extension for WindowsStandalone target not found
Refreshing native plugins compatible for Editor in 0.56 ms, found 1 plugins.
Preloading 0 native plugins for Editor in 0.00 ms.
Mono: successfully reloaded assembly
- Completed reload, in  0.896 seconds
Platform modules already initialized, skipping
Shader 'Universal Render Pipeline/Particles/Lit': fallback shader 'Universal Render Pipeline/Particles/SimpleLit' not found
Refreshing native plugins compatible for Editor in 0.57 ms, found 1 plugins.
Preloading 0 native plugins for Editor in 0.00 ms.
Unloading 2865 Unused Serialized files (Serialized files now loaded: 0)
System memory in use before: 126.5 MB.
System memory in use after: 126.6 MB.

Unloading 13 unused Assets to reduce memory usage. Loaded Objects now: 3451.
Total: 2.298000 ms (FindLiveObjects: 0.275600 ms CreateObjectMapping: 0.107000 ms MarkObjects: 1.811500 ms  DeleteObjects: 0.102700 ms)

========================================================================
Received Import Request.
  Time since last request: 396.277276 seconds.
  path: Assets/Scripts/Sound.cs
  artifactKey: Guid(2b36b9342a602de47a5d8b3c1d8d2545) Importer(815301076,1909f56bfc062723c751e8b465ee728b)
Start importing Assets/Scripts/Sound.cs using Guid(2b36b9342a602de47a5d8b3c1d8d2545) Importer(815301076,1909f56bfc062723c751e8b465ee728b)  -> (artifact id: 'e51fa79ee45ab1d68368834d01afc4ca') in 0.005446 seconds
  Import took 0.009597 seconds .

========================================================================
Received Import Request.
  Time since last request: 0.000360 seconds.
  path: Assets/Scripts/Slot.cs
  artifactKey: Guid(e8d5074e5a609de4090f2b3c4761d420) Importer(815301076,1909f56bfc062723c751e8b465ee728b)
Start importing Assets/Scripts/Slot.cs using Guid(e8d5074e5a609de4090f2b3c4761d420) Importer(815301076,1909f56bfc062723c751e8b465ee728b)  -> (artifact id: '6e9e6660de0fbddfae3e83991de850be') in 0.002049 seconds
  Import took 0.006155 seconds .

========================================================================
Received Import Request.
  Time since last request: 5.986708 seconds.
  path: Assets/Scripts/UI
  artifactKey: Guid(cd6135853590d9c49a2c398a652dc2c9) Importer(815301076,1909f56bfc062723c751e8b465ee728b)
Start importing Assets/Scripts/UI using Guid(cd6135853590d9c49a2c398a652dc2c9) Importer(815301076,1909f56bfc062723c751e8b465ee728b)  -> (artifact id: '23b1d416bc93105df0c6dfc2b20d4a5f') in 0.002087 seconds
  Import took 0.006231 seconds .

========================================================================
Received Prepare
Registering precompiled user dll's ...
Registered in 0.001800 seconds.
Begin MonoManager ReloadAssembly
Native extension for WindowsStandalone target not found
Refreshing native plugins compatible for Editor in 0.60 ms, found 1 plugins.
Preloading 0 native plugins for Editor in 0.00 ms.
Mono: successfully reloaded assembly
- Completed reload, in  1.014 seconds
Platform modules already initialized, skipping
Shader 'Universal Render Pipeline/Particles/Lit': fallback shader 'Universal Render Pipeline/Particles/SimpleLit' not found
Refreshing native plugins compatible for Editor in 0.57 ms, found 1 plugins.
Preloading 0 native plugins for Editor in 0.00 ms.
Unloading 2865 Unused Serialized files (Serialized files now loaded: 0)
System memory in use before: 126.5 MB.
System memory in use after: 126.6 MB.

Unloading 13 unused Assets to reduce memory usage. Loaded Objects now: 3455.
Total: 3.022700 ms (FindLiveObjects: 0.435100 ms CreateObjectMapping: 0.162900 ms MarkObjects: 2.310900 ms  DeleteObjects: 0.112500 ms)

========================================================================
Received Import Request.
  Time since last request: 13.332149 seconds.
  path: Assets/Scripts/UI/Inventory.cs
  artifactKey: Guid(74874ccaab59a704d8cf490cc97c958f) Importer(815301076,1909f56bfc062723c751e8b465ee728b)
Start importing Assets/Scripts/UI/Inventory.cs using Guid(74874ccaab59a704d8cf490cc97c958f) Importer(815301076,1909f56bfc062723c751e8b465ee728b)  -> (artifact id: 'e02f65ed2255afddacff5d35ebec20bd') in 0.005224 seconds
  Import took 0.010402 seconds .

========================================================================
Received Import Request.
  Time since last request: 0.001583 seconds.
  path: Assets/Scripts/UI/Inventory.cs
  artifactKey: Guid(74874ccaab59a704d8cf490cc97c958f) Importer(815301076,1909f56bfc062723c751e8b465ee728b)
Start importing Assets/Scripts/UI/Inventory.cs using Guid(74874ccaab59a704d8cf490cc97c958f) Importer(815301076,1909f56bfc062723c751e8b465ee728b)  -> (artifact id: 'e02f65ed2255afddacff5d35ebec20bd') in 0.002358 seconds
  Import took 0.007238 seconds .

========================================================================
Received Prepare
Registering precompiled user dll's ...
Registered in 0.001633 seconds.
Begin MonoManager ReloadAssembly
Native extension for WindowsStandalone target not found
Refreshing native plugins compatible for Editor in 0.58 ms, found 1 plugins.
Preloading 0 native plugins for Editor in 0.00 ms.
Mono: successfully reloaded assembly
- Completed reload, in  0.888 seconds
Platform modules already initialized, skipping
Shader 'Universal Render Pipeline/Particles/Lit': fallback shader 'Universal Render Pipeline/Particles/SimpleLit' not found
Refreshing native plugins compatible for Editor in 0.57 ms, found 1 plugins.
Preloading 0 native plugins for Editor in 0.00 ms.
Unloading 2865 Unused Serialized files (Serialized files now loaded: 0)
System memory in use before: 126.5 MB.
System memory in use after: 126.6 MB.

Unloading 13 unused Assets to reduce memory usage. Loaded Objects now: 3459.
Total: 2.495800 ms (FindLiveObjects: 0.255900 ms CreateObjectMapping: 0.095400 ms MarkObjects: 2.040500 ms  DeleteObjects: 0.103000 ms)

========================================================================
Received Prepare
Registering precompiled user dll's ...
Registered in 0.001701 seconds.
Begin MonoManager ReloadAssembly
Native extension for WindowsStandalone target not found
Refreshing native plugins compatible for Editor in 0.57 ms, found 1 plugins.
Preloading 0 native plugins for Editor in 0.00 ms.
Mono: successfully reloaded assembly
- Completed reload, in  0.862 seconds
Platform modules already initialized, skipping
Shader 'Universal Render Pipeline/Particles/Lit': fallback shader 'Universal Render Pipeline/Particles/SimpleLit' not found
Refreshing native plugins compatible for Editor in 0.57 ms, found 1 plugins.
Preloading 0 native plugins for Editor in 0.00 ms.
Unloading 2865 Unused Serialized files (Serialized files now loaded: 0)
System memory in use before: 126.5 MB.
System memory in use after: 126.6 MB.

Unloading 13 unused Assets to reduce memory usage. Loaded Objects now: 3463.
Total: 2.312600 ms (FindLiveObjects: 0.291300 ms CreateObjectMapping: 0.150700 ms MarkObjects: 1.756900 ms  DeleteObjects: 0.112900 ms)

========================================================================
Received Import Request.
  Time since last request: 1277.442890 seconds.
  path: Assets/Scripts/Rolls/Rolls/GoulF.asset
  artifactKey: Guid(4928d68c8ffee8547924cc486aad6210) Importer(815301076,1909f56bfc062723c751e8b465ee728b)
Start importing Assets/Scripts/Rolls/Rolls/GoulF.asset using Guid(4928d68c8ffee8547924cc486aad6210) Importer(815301076,1909f56bfc062723c751e8b465ee728b)  -> (artifact id: '886f10bd8e997e10e37160a743a8cfc3') in 0.018958 seconds
  Import took 0.023326 seconds .

========================================================================
Received Import Request.
  Time since last request: 2.115483 seconds.
  path: Assets/Scripts/Rolls/Rolls/ProjectileF.asset
  artifactKey: Guid(a0dc85d163d787c4a90e1fa60e984f2a) Importer(815301076,1909f56bfc062723c751e8b465ee728b)
Start importing Assets/Scripts/Rolls/Rolls/ProjectileF.asset using Guid(a0dc85d163d787c4a90e1fa60e984f2a) Importer(815301076,1909f56bfc062723c751e8b465ee728b)  -> (artifact id: '7e7182af06393d4c20b178d8c5e94280') in 0.018838 seconds
  Import took 0.023058 seconds .

========================================================================
Received Prepare
Registering precompiled user dll's ...
Registered in 0.001697 seconds.
Begin MonoManager ReloadAssembly
Native extension for WindowsStandalone target not found
Refreshing native plugins compatible for Editor in 0.57 ms, found 1 plugins.
Preloading 0 native plugins for Editor in 0.00 ms.
Mono: successfully reloaded assembly
- Completed reload, in  0.869 seconds
Platform modules already initialized, skipping
Shader 'Universal Render Pipeline/Particles/Lit': fallback shader 'Universal Render Pipeline/Particles/SimpleLit' not found
Refreshing native plugins compatible for Editor in 0.57 ms, found 1 plugins.
Preloading 0 native plugins for Editor in 0.00 ms.
Unloading 2865 Unused Serialized files (Serialized files now loaded: 0)
System memory in use before: 126.6 MB.
System memory in use after: 126.6 MB.

Unloading 13 unused Assets to reduce memory usage. Loaded Objects now: 3467.
Total: 2.515500 ms (FindLiveObjects: 0.309500 ms CreateObjectMapping: 0.170100 ms MarkObjects: 1.932300 ms  DeleteObjects: 0.102400 ms)

========================================================================
Received Import Request.
  Time since last request: 64.375447 seconds.
  path: Assets/Prefabs/Enemy/Rolls/Roll_Goul.prefab
  artifactKey: Guid(c2c31a9ec37a330458ada94c8b43a775) Importer(815301076,1909f56bfc062723c751e8b465ee728b)
Start importing Assets/Prefabs/Enemy/Rolls/Roll_Goul.prefab using Guid(c2c31a9ec37a330458ada94c8b43a775) Importer(815301076,1909f56bfc062723c751e8b465ee728b)  -> (artifact id: 'd200a283af44f7bb38553a3b0a6fcf91') in 0.190517 seconds
  Import took 0.195043 seconds .

========================================================================
Received Import Request.
  Time since last request: 6.967295 seconds.
  path: Assets/Prefabs/Enemy/Rolls/Roll_ProjtileF.prefab
  artifactKey: Guid(7c90c000d2a4cec4ba4b4f95b978d99e) Importer(815301076,1909f56bfc062723c751e8b465ee728b)
Start importing Assets/Prefabs/Enemy/Rolls/Roll_ProjtileF.prefab using Guid(7c90c000d2a4cec4ba4b4f95b978d99e) Importer(815301076,1909f56bfc062723c751e8b465ee728b)  -> (artifact id: '0f600d35a3489cce21f5d59920f22551') in 0.010847 seconds
  Import took 0.015390 seconds .

========================================================================
Received Import Request.
  Time since last request: 5.956274 seconds.
  path: Assets/Prefabs/Enemy/Rolls/Roll_Warlock.prefab
  artifactKey: Guid(ef55aabb25590a1488ebf214e819988a) Importer(815301076,1909f56bfc062723c751e8b465ee728b)
Start importing Assets/Prefabs/Enemy/Rolls/Roll_Warlock.prefab using Guid(ef55aabb25590a1488ebf214e819988a) Importer(815301076,1909f56bfc062723c751e8b465ee728b)  -> (artifact id: '693fef182a5ac4de048df981c060dfe3') in 0.009413 seconds
  Import took 0.014015 seconds .

========================================================================
Received Prepare
Registering precompiled user dll's ...
Registered in 0.001709 seconds.
Begin MonoManager ReloadAssembly
Native extension for WindowsStandalone target not found
Refreshing native plugins compatible for Editor in 0.64 ms, found 1 plugins.
Preloading 0 native plugins for Editor in 0.00 ms.
Mono: successfully reloaded assembly
- Completed reload, in  0.895 seconds
Platform modules already initialized, skipping
Shader 'Universal Render Pipeline/Particles/Lit': fallback shader 'Universal Render Pipeline/Particles/SimpleLit' not found
Refreshing native plugins compatible for Editor in 0.57 ms, found 1 plugins.
Preloading 0 native plugins for Editor in 0.00 ms.
Unloading 2865 Unused Serialized files (Serialized files now loaded: 0)
System memory in use before: 131.7 MB.
System memory in use after: 131.8 MB.

Unloading 13 unused Assets to reduce memory usage. Loaded Objects now: 3516.
Total: 2.502100 ms (FindLiveObjects: 0.370200 ms CreateObjectMapping: 0.159000 ms MarkObjects: 1.867200 ms  DeleteObjects: 0.104100 ms)

========================================================================
Received Prepare
Registering precompiled user dll's ...
Registered in 0.001626 seconds.
Begin MonoManager ReloadAssembly
Native extension for WindowsStandalone target not found
Refreshing native plugins compatible for Editor in 0.60 ms, found 1 plugins.
Preloading 0 native plugins for Editor in 0.00 ms.
Mono: successfully reloaded assembly
- Completed reload, in  0.897 seconds
Platform modules already initialized, skipping
Shader 'Universal Render Pipeline/Particles/Lit': fallback shader 'Universal Render Pipeline/Particles/SimpleLit' not found
Refreshing native plugins compatible for Editor in 0.57 ms, found 1 plugins.
Preloading 0 native plugins for Editor in 0.00 ms.
Unloading 2865 Unused Serialized files (Serialized files now loaded: 0)
System memory in use before: 131.7 MB.
System memory in use after: 131.8 MB.

Unloading 13 unused Assets to reduce memory usage. Loaded Objects now: 3520.
Total: 2.396000 ms (FindLiveObjects: 0.274800 ms CreateObjectMapping: 0.112000 ms MarkObjects: 1.904200 ms  DeleteObjects: 0.104100 ms)

========================================================================
Received Import Request.
  Time since last request: 132.157270 seconds.
  path: Assets/Prefabs/Enemy/Warlock
  artifactKey: Guid(963d30946fbbb2c439723dcfed1a3eb8) Importer(815301076,1909f56bfc062723c751e8b465ee728b)
Start importing Assets/Prefabs/Enemy/Warlock using Guid(963d30946fbbb2c439723dcfed1a3eb8) Importer(815301076,1909f56bfc062723c751e8b465ee728b)  -> (artifact id: '2cbcc9b184769a2f9935a67fd18df6b1') in 0.025579 seconds
  Import took 0.030599 seconds .

========================================================================
Received Prepare
Registering precompiled user dll's ...
Registered in 0.001667 seconds.
Begin MonoManager ReloadAssembly
Native extension for WindowsStandalone target not found
Refreshing native plugins compatible for Editor in 0.60 ms, found 1 plugins.
Preloading 0 native plugins for Editor in 0.00 ms.
Mono: successfully reloaded assembly
- Completed reload, in  0.923 seconds
Platform modules already initialized, skipping
Shader 'Universal Render Pipeline/Particles/Lit': fallback shader 'Universal Render Pipeline/Particles/SimpleLit' not found
Refreshing native plugins compatible for Editor in 0.58 ms, found 1 plugins.
Preloading 0 native plugins for Editor in 0.00 ms.
Unloading 2865 Unused Serialized files (Serialized files now loaded: 0)
System memory in use before: 131.7 MB.
System memory in use after: 131.8 MB.

Unloading 13 unused Assets to reduce memory usage. Loaded Objects now: 3524.
Total: 2.613800 ms (FindLiveObjects: 0.312200 ms CreateObjectMapping: 0.166200 ms MarkObjects: 2.022000 ms  DeleteObjects: 0.112000 ms)

========================================================================
Received Import Request.
  Time since last request: 177.447752 seconds.
  path: Assets/Prefabs/Enemy/Enemy Projectile.prefab
  artifactKey: Guid(061b54978e2c05f449089fb8d162e04c) Importer(815301076,1909f56bfc062723c751e8b465ee728b)
Start importing Assets/Prefabs/Enemy/Enemy Projectile.prefab using Guid(061b54978e2c05f449089fb8d162e04c) Importer(815301076,1909f56bfc062723c751e8b465ee728b)  -> (artifact id: '737712a8e4b2ec4a3e2a0a1ca448ff00') in 0.147461 seconds
  Import took 0.152189 seconds .

========================================================================
Received Prepare
Registering precompiled user dll's ...
Registered in 0.001982 seconds.
Begin MonoManager ReloadAssembly
Native extension for WindowsStandalone target not found
Refreshing native plugins compatible for Editor in 0.61 ms, found 1 plugins.
Preloading 0 native plugins for Editor in 0.00 ms.
Mono: successfully reloaded assembly
- Completed reload, in  0.902 seconds
Platform modules already initialized, skipping
Shader 'Universal Render Pipeline/Particles/Lit': fallback shader 'Universal Render Pipeline/Particles/SimpleLit' not found
Refreshing native plugins compatible for Editor in 0.56 ms, found 1 plugins.
Preloading 0 native plugins for Editor in 0.00 ms.
Unloading 2865 Unused Serialized files (Serialized files now loaded: 0)
System memory in use before: 131.9 MB.
System memory in use after: 131.9 MB.

Unloading 13 unused Assets to reduce memory usage. Loaded Objects now: 3564.
Total: 2.587200 ms (FindLiveObjects: 0.327700 ms CreateObjectMapping: 0.200700 ms MarkObjects: 1.944200 ms  DeleteObjects: 0.113500 ms)

========================================================================
Received Prepare
Registering precompiled user dll's ...
Registered in 0.001617 seconds.
Begin MonoManager ReloadAssembly
Native extension for WindowsStandalone target not found
Refreshing native plugins compatible for Editor in 0.56 ms, found 1 plugins.
Preloading 0 native plugins for Editor in 0.00 ms.
Mono: successfully reloaded assembly
- Completed reload, in  0.941 seconds
Platform modules already initialized, skipping
Shader 'Universal Render Pipeline/Particles/Lit': fallback shader 'Universal Render Pipeline/Particles/SimpleLit' not found
Refreshing native plugins compatible for Editor in 0.58 ms, found 1 plugins.
Preloading 0 native plugins for Editor in 0.00 ms.
Unloading 2865 Unused Serialized files (Serialized files now loaded: 0)
System memory in use before: 131.9 MB.
System memory in use after: 132.0 MB.

Unloading 13 unused Assets to reduce memory usage. Loaded Objects now: 3568.
Total: 2.652300 ms (FindLiveObjects: 0.340500 ms CreateObjectMapping: 0.186800 ms MarkObjects: 2.010700 ms  DeleteObjects: 0.113000 ms)

========================================================================
Received Prepare
Registering precompiled user dll's ...
Registered in 0.001587 seconds.
Begin MonoManager ReloadAssembly
Native extension for WindowsStandalone target not found
Refreshing native plugins compatible for Editor in 0.65 ms, found 1 plugins.
Preloading 0 native plugins for Editor in 0.00 ms.
Mono: successfully reloaded assembly
- Completed reload, in  0.881 seconds
Platform modules already initialized, skipping
Shader 'Universal Render Pipeline/Particles/Lit': fallback shader 'Universal Render Pipeline/Particles/SimpleLit' not found
Refreshing native plugins compatible for Editor in 0.59 ms, found 1 plugins.
Preloading 0 native plugins for Editor in 0.00 ms.
Unloading 2865 Unused Serialized files (Serialized files now loaded: 0)
System memory in use before: 131.9 MB.
System memory in use after: 132.0 MB.

Unloading 13 unused Assets to reduce memory usage. Loaded Objects now: 3572.
Total: 2.492400 ms (FindLiveObjects: 0.275900 ms CreateObjectMapping: 0.124100 ms MarkObjects: 1.987100 ms  DeleteObjects: 0.104700 ms)

========================================================================
Received Prepare
Registering precompiled user dll's ...
Registered in 0.001640 seconds.
Begin MonoManager ReloadAssembly
Native extension for WindowsStandalone target not found
Refreshing native plugins compatible for Editor in 0.61 ms, found 1 plugins.
Preloading 0 native plugins for Editor in 0.00 ms.
Mono: successfully reloaded assembly
- Completed reload, in  0.906 seconds
Platform modules already initialized, skipping
Shader 'Universal Render Pipeline/Particles/Lit': fallback shader 'Universal Render Pipeline/Particles/SimpleLit' not found
Refreshing native plugins compatible for Editor in 0.58 ms, found 1 plugins.
Preloading 0 native plugins for Editor in 0.00 ms.
Unloading 2865 Unused Serialized files (Serialized files now loaded: 0)
System memory in use before: 131.9 MB.
System memory in use after: 132.0 MB.

Unloading 13 unused Assets to reduce memory usage. Loaded Objects now: 3576.
Total: 2.737800 ms (FindLiveObjects: 0.458300 ms CreateObjectMapping: 0.120200 ms MarkObjects: 2.048300 ms  DeleteObjects: 0.109800 ms)

========================================================================
Received Prepare
Registering precompiled user dll's ...
Registered in 0.002465 seconds.
Begin MonoManager ReloadAssembly
Native extension for WindowsStandalone target not found
Refreshing native plugins compatible for Editor in 0.57 ms, found 1 plugins.
Preloading 0 native plugins for Editor in 0.00 ms.
Mono: successfully reloaded assembly
- Completed reload, in  0.901 seconds
Platform modules already initialized, skipping
Shader 'Universal Render Pipeline/Particles/Lit': fallback shader 'Universal Render Pipeline/Particles/SimpleLit' not found
Refreshing native plugins compatible for Editor in 0.61 ms, found 1 plugins.
Preloading 0 native plugins for Editor in 0.00 ms.
Unloading 2865 Unused Serialized files (Serialized files now loaded: 0)
System memory in use before: 131.9 MB.
System memory in use after: 132.0 MB.

Unloading 13 unused Assets to reduce memory usage. Loaded Objects now: 3580.
Total: 2.385600 ms (FindLiveObjects: 0.262800 ms CreateObjectMapping: 0.120300 ms MarkObjects: 1.898100 ms  DeleteObjects: 0.103500 ms)

========================================================================
Received Prepare
Registering precompiled user dll's ...
Registered in 0.001671 seconds.
Begin MonoManager ReloadAssembly
Native extension for WindowsStandalone target not found
Refreshing native plugins compatible for Editor in 0.60 ms, found 1 plugins.
Preloading 0 native plugins for Editor in 0.00 ms.
Mono: successfully reloaded assembly
- Completed reload, in  0.905 seconds
Platform modules already initialized, skipping
Shader 'Universal Render Pipeline/Particles/Lit': fallback shader 'Universal Render Pipeline/Particles/SimpleLit' not found
Refreshing native plugins compatible for Editor in 0.56 ms, found 1 plugins.
Preloading 0 native plugins for Editor in 0.00 ms.
Unloading 2865 Unused Serialized files (Serialized files now loaded: 0)
System memory in use before: 131.9 MB.
System memory in use after: 132.0 MB.

Unloading 13 unused Assets to reduce memory usage. Loaded Objects now: 3584.
Total: 2.653500 ms (FindLiveObjects: 0.326100 ms CreateObjectMapping: 0.167500 ms MarkObjects: 2.044800 ms  DeleteObjects: 0.114100 ms)

========================================================================
Received Import Request.
  Time since last request: 462.843830 seconds.
  path: Assets/Graphics/Enemy/Goul
  artifactKey: Guid(a714da8336a4b244697a6dc0a0352963) Importer(815301076,1909f56bfc062723c751e8b465ee728b)
Start importing Assets/Graphics/Enemy/Goul using Guid(a714da8336a4b244697a6dc0a0352963) Importer(815301076,1909f56bfc062723c751e8b465ee728b)  -> (artifact id: '1f973a1dc1eadd8e809f9a64e95a2fa2') in 0.017747 seconds
  Import took 0.022723 seconds .

========================================================================
Received Prepare
Registering precompiled user dll's ...
Registered in 0.001707 seconds.
Begin MonoManager ReloadAssembly
Native extension for WindowsStandalone target not found
Refreshing native plugins compatible for Editor in 0.55 ms, found 1 plugins.
Preloading 0 native plugins for Editor in 0.00 ms.
Mono: successfully reloaded assembly
- Completed reload, in  0.868 seconds
Platform modules already initialized, skipping
Shader 'Universal Render Pipeline/Particles/Lit': fallback shader 'Universal Render Pipeline/Particles/SimpleLit' not found
Refreshing native plugins compatible for Editor in 0.57 ms, found 1 plugins.
Preloading 0 native plugins for Editor in 0.00 ms.
Unloading 2865 Unused Serialized files (Serialized files now loaded: 0)
System memory in use before: 131.9 MB.
System memory in use after: 132.0 MB.

Unloading 13 unused Assets to reduce memory usage. Loaded Objects now: 3588.
Total: 2.484000 ms (FindLiveObjects: 0.322400 ms CreateObjectMapping: 0.157500 ms MarkObjects: 1.890400 ms  DeleteObjects: 0.112400 ms)

========================================================================
Received Import Request.
  Time since last request: 71.634104 seconds.
  path: Assets/Scripts/Rolls/Rolls/WarlockF.asset
  artifactKey: Guid(a9167432554f7914cb2a276be13175f9) Importer(815301076,1909f56bfc062723c751e8b465ee728b)
Start importing Assets/Scripts/Rolls/Rolls/WarlockF.asset using Guid(a9167432554f7914cb2a276be13175f9) Importer(815301076,1909f56bfc062723c751e8b465ee728b)  -> (artifact id: '0fb98bad1aba4dc67985322f6ccd0ab7') in 0.017587 seconds
  Import took 0.029808 seconds .

========================================================================
Received Import Request.
  Time since last request: 0.011375 seconds.
  path: Assets/Scripts/Rolls/Rolls/WarlockF.asset
  artifactKey: Guid(a9167432554f7914cb2a276be13175f9) Importer(815301076,1909f56bfc062723c751e8b465ee728b)
Start importing Assets/Scripts/Rolls/Rolls/WarlockF.asset using Guid(a9167432554f7914cb2a276be13175f9) Importer(815301076,1909f56bfc062723c751e8b465ee728b)  -> (artifact id: '0fb98bad1aba4dc67985322f6ccd0ab7') in 0.005064 seconds
  Import took 0.010731 seconds .

========================================================================
Received Prepare
Registering precompiled user dll's ...
Registered in 0.001623 seconds.
Begin MonoManager ReloadAssembly
Native extension for WindowsStandalone target not found
Refreshing native plugins compatible for Editor in 0.61 ms, found 1 plugins.
Preloading 0 native plugins for Editor in 0.00 ms.
Mono: successfully reloaded assembly
- Completed reload, in  0.901 seconds
Platform modules already initialized, skipping
Shader 'Universal Render Pipeline/Particles/Lit': fallback shader 'Universal Render Pipeline/Particles/SimpleLit' not found
Refreshing native plugins compatible for Editor in 0.58 ms, found 1 plugins.
Preloading 0 native plugins for Editor in 0.00 ms.
Unloading 2865 Unused Serialized files (Serialized files now loaded: 0)
System memory in use before: 131.9 MB.
System memory in use after: 132.0 MB.

Unloading 13 unused Assets to reduce memory usage. Loaded Objects now: 3592.
Total: 2.644600 ms (FindLiveObjects: 0.309700 ms CreateObjectMapping: 0.136200 ms MarkObjects: 2.093500 ms  DeleteObjects: 0.103900 ms)

========================================================================
Received Prepare
Registering precompiled user dll's ...
Registered in 0.001658 seconds.
Begin MonoManager ReloadAssembly
Native extension for WindowsStandalone target not found
Refreshing native plugins compatible for Editor in 0.60 ms, found 1 plugins.
Preloading 0 native plugins for Editor in 0.00 ms.
Mono: successfully reloaded assembly
- Completed reload, in  0.895 seconds
Platform modules already initialized, skipping
Shader 'Universal Render Pipeline/Particles/Lit': fallback shader 'Universal Render Pipeline/Particles/SimpleLit' not found
Refreshing native plugins compatible for Editor in 0.57 ms, found 1 plugins.
Preloading 0 native plugins for Editor in 0.00 ms.
Unloading 2865 Unused Serialized files (Serialized files now loaded: 0)
System memory in use before: 131.9 MB.
System memory in use after: 132.0 MB.

Unloading 13 unused Assets to reduce memory usage. Loaded Objects now: 3596.
Total: 2.584500 ms (FindLiveObjects: 0.351800 ms CreateObjectMapping: 0.172600 ms MarkObjects: 1.940500 ms  DeleteObjects: 0.118300 ms)

========================================================================
Received Prepare
Registering precompiled user dll's ...
Registered in 0.001710 seconds.
Begin MonoManager ReloadAssembly
Native extension for WindowsStandalone target not found
Refreshing native plugins compatible for Editor in 0.61 ms, found 1 plugins.
Preloading 0 native plugins for Editor in 0.00 ms.
Mono: successfully reloaded assembly
- Completed reload, in  0.881 seconds
Platform modules already initialized, skipping
Shader 'Universal Render Pipeline/Particles/Lit': fallback shader 'Universal Render Pipeline/Particles/SimpleLit' not found
Refreshing native plugins compatible for Editor in 0.57 ms, found 1 plugins.
Preloading 0 native plugins for Editor in 0.00 ms.
Unloading 2865 Unused Serialized files (Serialized files now loaded: 0)
System memory in use before: 131.9 MB.
System memory in use after: 132.0 MB.

Unloading 13 unused Assets to reduce memory usage. Loaded Objects now: 3600.
Total: 2.692500 ms (FindLiveObjects: 0.382600 ms CreateObjectMapping: 0.275800 ms MarkObjects: 1.916500 ms  DeleteObjects: 0.116300 ms)

========================================================================
Received Prepare
Registering precompiled user dll's ...
Registered in 0.001646 seconds.
Begin MonoManager ReloadAssembly
Native extension for WindowsStandalone target not found
Refreshing native plugins compatible for Editor in 0.58 ms, found 1 plugins.
Preloading 0 native plugins for Editor in 0.00 ms.
Mono: successfully reloaded assembly
- Completed reload, in  0.899 seconds
Platform modules already initialized, skipping
Shader 'Universal Render Pipeline/Particles/Lit': fallback shader 'Universal Render Pipeline/Particles/SimpleLit' not found
Refreshing native plugins compatible for Editor in 0.58 ms, found 1 plugins.
Preloading 0 native plugins for Editor in 0.00 ms.
Unloading 2865 Unused Serialized files (Serialized files now loaded: 0)
System memory in use before: 131.9 MB.
System memory in use after: 132.0 MB.

Unloading 13 unused Assets to reduce memory usage. Loaded Objects now: 3604.
Total: 2.595800 ms (FindLiveObjects: 0.294400 ms CreateObjectMapping: 0.140200 ms MarkObjects: 2.055700 ms  DeleteObjects: 0.104700 ms)

========================================================================
Received Prepare
Registering precompiled user dll's ...
Registered in 0.001694 seconds.
Begin MonoManager ReloadAssembly
Native extension for WindowsStandalone target not found
Refreshing native plugins compatible for Editor in 0.63 ms, found 1 plugins.
Preloading 0 native plugins for Editor in 0.00 ms.
Mono: successfully reloaded assembly
- Completed reload, in  0.922 seconds
Platform modules already initialized, skipping
Shader 'Universal Render Pipeline/Particles/Lit': fallback shader 'Universal Render Pipeline/Particles/SimpleLit' not found
Refreshing native plugins compatible for Editor in 0.57 ms, found 1 plugins.
Preloading 0 native plugins for Editor in 0.00 ms.
Unloading 2865 Unused Serialized files (Serialized files now loaded: 0)
System memory in use before: 132.0 MB.
System memory in use after: 132.0 MB.

Unloading 13 unused Assets to reduce memory usage. Loaded Objects now: 3608.
Total: 2.473300 ms (FindLiveObjects: 0.283700 ms CreateObjectMapping: 0.130600 ms MarkObjects: 1.954600 ms  DeleteObjects: 0.103600 ms)

========================================================================
Received Import Request.
  Time since last request: 1345.358440 seconds.
  path: Assets/Prefabs/Enemy/Enemy Projectile.prefab
  artifactKey: Guid(061b54978e2c05f449089fb8d162e04c) Importer(815301076,1909f56bfc062723c751e8b465ee728b)
Start importing Assets/Prefabs/Enemy/Enemy Projectile.prefab using Guid(061b54978e2c05f449089fb8d162e04c) Importer(815301076,1909f56bfc062723c751e8b465ee728b)  -> (artifact id: 'abcd859f524e948553916bdb739d3009') in 0.142042 seconds
  Import took 0.146956 seconds .

========================================================================
Received Import Request.
  Time since last request: 97.166183 seconds.
  path: Assets/Prefabs/Enemy/Enemy Projectile.prefab
  artifactKey: Guid(061b54978e2c05f449089fb8d162e04c) Importer(815301076,1909f56bfc062723c751e8b465ee728b)
Start importing Assets/Prefabs/Enemy/Enemy Projectile.prefab using Guid(061b54978e2c05f449089fb8d162e04c) Importer(815301076,1909f56bfc062723c751e8b465ee728b)  -> (artifact id: '221673148d38225294cf6251a3e04f1a') in 0.025980 seconds
  Import took 0.030952 seconds .

========================================================================
Received Prepare
Registering precompiled user dll's ...
Registered in 0.001679 seconds.
Begin MonoManager ReloadAssembly
Native extension for WindowsStandalone target not found
Refreshing native plugins compatible for Editor in 0.60 ms, found 1 plugins.
Preloading 0 native plugins for Editor in 0.00 ms.
Mono: successfully reloaded assembly
- Completed reload, in  0.896 seconds
Platform modules already initialized, skipping
Shader 'Universal Render Pipeline/Particles/Lit': fallback shader 'Universal Render Pipeline/Particles/SimpleLit' not found
Refreshing native plugins compatible for Editor in 0.58 ms, found 1 plugins.
Preloading 0 native plugins for Editor in 0.00 ms.
Unloading 2865 Unused Serialized files (Serialized files now loaded: 0)
System memory in use before: 132.1 MB.
System memory in use after: 132.2 MB.

Unloading 13 unused Assets to reduce memory usage. Loaded Objects now: 3648.
Total: 2.813700 ms (FindLiveObjects: 0.356200 ms CreateObjectMapping: 0.173800 ms MarkObjects: 2.171000 ms  DeleteObjects: 0.111300 ms)

========================================================================
Received Import Request.
  Time since last request: 87.331598 seconds.
  path: Assets/Prefabs/Enemy/Enemy Projectile.prefab
  artifactKey: Guid(061b54978e2c05f449089fb8d162e04c) Importer(815301076,1909f56bfc062723c751e8b465ee728b)
Start importing Assets/Prefabs/Enemy/Enemy Projectile.prefab using Guid(061b54978e2c05f449089fb8d162e04c) Importer(815301076,1909f56bfc062723c751e8b465ee728b)  -> (artifact id: '0207246ec1e8103ce221e2d54344bc74') in 0.147374 seconds
  Import took 0.152027 seconds .

========================================================================
Received Prepare
Registering precompiled user dll's ...
Registered in 0.001642 seconds.
Begin MonoManager ReloadAssembly
Native extension for WindowsStandalone target not found
Refreshing native plugins compatible for Editor in 0.57 ms, found 1 plugins.
Preloading 0 native plugins for Editor in 0.00 ms.
Mono: successfully reloaded assembly
- Completed reload, in  0.896 seconds
Platform modules already initialized, skipping
Shader 'Universal Render Pipeline/Particles/Lit': fallback shader 'Universal Render Pipeline/Particles/SimpleLit' not found
Refreshing native plugins compatible for Editor in 0.56 ms, found 1 plugins.
Preloading 0 native plugins for Editor in 0.00 ms.
Unloading 2865 Unused Serialized files (Serialized files now loaded: 0)
System memory in use before: 132.2 MB.
System memory in use after: 132.3 MB.

Unloading 13 unused Assets to reduce memory usage. Loaded Objects now: 3688.
Total: 2.704500 ms (FindLiveObjects: 0.285400 ms CreateObjectMapping: 0.124000 ms MarkObjects: 2.184700 ms  DeleteObjects: 0.109500 ms)

========================================================================
Received Prepare
Registering precompiled user dll's ...
Registered in 0.001732 seconds.
Begin MonoManager ReloadAssembly
Native extension for WindowsStandalone target not found
Refreshing native plugins compatible for Editor in 0.60 ms, found 1 plugins.
Preloading 0 native plugins for Editor in 0.00 ms.
Mono: successfully reloaded assembly
- Completed reload, in  0.884 seconds
Platform modules already initialized, skipping
Shader 'Universal Render Pipeline/Particles/Lit': fallback shader 'Universal Render Pipeline/Particles/SimpleLit' not found
Refreshing native plugins compatible for Editor in 0.57 ms, found 1 plugins.
Preloading 0 native plugins for Editor in 0.00 ms.
Unloading 2865 Unused Serialized files (Serialized files now loaded: 0)
System memory in use before: 132.2 MB.
System memory in use after: 132.3 MB.

Unloading 13 unused Assets to reduce memory usage. Loaded Objects now: 3692.
Total: 2.998000 ms (FindLiveObjects: 0.495000 ms CreateObjectMapping: 0.240800 ms MarkObjects: 2.148400 ms  DeleteObjects: 0.111900 ms)

========================================================================
Received Prepare
Registering precompiled user dll's ...
Registered in 0.001669 seconds.
Begin MonoManager ReloadAssembly
Native extension for WindowsStandalone target not found
Refreshing native plugins compatible for Editor in 0.60 ms, found 1 plugins.
Preloading 0 native plugins for Editor in 0.00 ms.
Mono: successfully reloaded assembly
- Completed reload, in  0.917 seconds
Platform modules already initialized, skipping
Shader 'Universal Render Pipeline/Particles/Lit': fallback shader 'Universal Render Pipeline/Particles/SimpleLit' not found
Refreshing native plugins compatible for Editor in 0.58 ms, found 1 plugins.
Preloading 0 native plugins for Editor in 0.00 ms.
Unloading 2865 Unused Serialized files (Serialized files now loaded: 0)
System memory in use before: 132.2 MB.
System memory in use after: 132.3 MB.

Unloading 13 unused Assets to reduce memory usage. Loaded Objects now: 3696.
Total: 2.312800 ms (FindLiveObjects: 0.277500 ms CreateObjectMapping: 0.114400 ms MarkObjects: 1.812700 ms  DeleteObjects: 0.107400 ms)

========================================================================
Received Prepare
Registering precompiled user dll's ...
Registered in 0.001577 seconds.
Begin MonoManager ReloadAssembly
Native extension for WindowsStandalone target not found
Refreshing native plugins compatible for Editor in 0.57 ms, found 1 plugins.
Preloading 0 native plugins for Editor in 0.00 ms.
Mono: successfully reloaded assembly
- Completed reload, in  0.914 seconds
Platform modules already initialized, skipping
Shader 'Universal Render Pipeline/Particles/Lit': fallback shader 'Universal Render Pipeline/Particles/SimpleLit' not found
Refreshing native plugins compatible for Editor in 0.64 ms, found 1 plugins.
Preloading 0 native plugins for Editor in 0.00 ms.
Unloading 2865 Unused Serialized files (Serialized files now loaded: 0)
System memory in use before: 132.2 MB.
System memory in use after: 132.3 MB.

Unloading 13 unused Assets to reduce memory usage. Loaded Objects now: 3700.
Total: 3.641100 ms (FindLiveObjects: 0.480500 ms CreateObjectMapping: 0.201700 ms MarkObjects: 2.794600 ms  DeleteObjects: 0.163600 ms)

========================================================================
Received Prepare
Registering precompiled user dll's ...
Registered in 0.001627 seconds.
Begin MonoManager ReloadAssembly
Native extension for WindowsStandalone target not found
Refreshing native plugins compatible for Editor in 0.62 ms, found 1 plugins.
Preloading 0 native plugins for Editor in 0.00 ms.
Mono: successfully reloaded assembly
- Completed reload, in  0.893 seconds
Platform modules already initialized, skipping
Shader 'Universal Render Pipeline/Particles/Lit': fallback shader 'Universal Render Pipeline/Particles/SimpleLit' not found
Refreshing native plugins compatible for Editor in 0.57 ms, found 1 plugins.
Preloading 0 native plugins for Editor in 0.00 ms.
Unloading 2865 Unused Serialized files (Serialized files now loaded: 0)
System memory in use before: 132.2 MB.
System memory in use after: 132.3 MB.

Unloading 13 unused Assets to reduce memory usage. Loaded Objects now: 3704.
Total: 3.137100 ms (FindLiveObjects: 0.488500 ms CreateObjectMapping: 0.170200 ms MarkObjects: 2.365000 ms  DeleteObjects: 0.112700 ms)

========================================================================
Received Prepare
Registering precompiled user dll's ...
Registered in 0.001688 seconds.
Begin MonoManager ReloadAssembly
Native extension for WindowsStandalone target not found
Refreshing native plugins compatible for Editor in 0.60 ms, found 1 plugins.
Preloading 0 native plugins for Editor in 0.00 ms.
Mono: successfully reloaded assembly
- Completed reload, in  0.890 seconds
Platform modules already initialized, skipping
Shader 'Universal Render Pipeline/Particles/Lit': fallback shader 'Universal Render Pipeline/Particles/SimpleLit' not found
Refreshing native plugins compatible for Editor in 0.57 ms, found 1 plugins.
Preloading 0 native plugins for Editor in 0.00 ms.
Unloading 2865 Unused Serialized files (Serialized files now loaded: 0)
System memory in use before: 132.2 MB.
System memory in use after: 132.3 MB.

Unloading 13 unused Assets to reduce memory usage. Loaded Objects now: 3708.
Total: 2.836500 ms (FindLiveObjects: 0.428600 ms CreateObjectMapping: 0.153300 ms MarkObjects: 2.147000 ms  DeleteObjects: 0.106400 ms)

========================================================================
Received Prepare
Registering precompiled user dll's ...
Registered in 0.001661 seconds.
Begin MonoManager ReloadAssembly
Native extension for WindowsStandalone target not found
Refreshing native plugins compatible for Editor in 0.56 ms, found 1 plugins.
Preloading 0 native plugins for Editor in 0.00 ms.
Mono: successfully reloaded assembly
- Completed reload, in  0.911 seconds
Platform modules already initialized, skipping
Shader 'Universal Render Pipeline/Particles/Lit': fallback shader 'Universal Render Pipeline/Particles/SimpleLit' not found
Refreshing native plugins compatible for Editor in 0.57 ms, found 1 plugins.
Preloading 0 native plugins for Editor in 0.00 ms.
Unloading 2865 Unused Serialized files (Serialized files now loaded: 0)
System memory in use before: 132.2 MB.
System memory in use after: 132.3 MB.

Unloading 13 unused Assets to reduce memory usage. Loaded Objects now: 3712.
Total: 2.645900 ms (FindLiveObjects: 0.334700 ms CreateObjectMapping: 0.152900 ms MarkObjects: 2.047300 ms  DeleteObjects: 0.109900 ms)

========================================================================
Received Prepare
Registering precompiled user dll's ...
Registered in 0.001631 seconds.
Begin MonoManager ReloadAssembly
Native extension for WindowsStandalone target not found
Refreshing native plugins compatible for Editor in 0.57 ms, found 1 plugins.
Preloading 0 native plugins for Editor in 0.00 ms.
Mono: successfully reloaded assembly
- Completed reload, in  0.903 seconds
Platform modules already initialized, skipping
Shader 'Universal Render Pipeline/Particles/Lit': fallback shader 'Universal Render Pipeline/Particles/SimpleLit' not found
Refreshing native plugins compatible for Editor in 0.57 ms, found 1 plugins.
Preloading 0 native plugins for Editor in 0.00 ms.
Unloading 2865 Unused Serialized files (Serialized files now loaded: 0)
System memory in use before: 132.2 MB.
System memory in use after: 132.3 MB.

Unloading 13 unused Assets to reduce memory usage. Loaded Objects now: 3716.
Total: 2.955800 ms (FindLiveObjects: 0.422500 ms CreateObjectMapping: 0.183400 ms MarkObjects: 2.241500 ms  DeleteObjects: 0.106800 ms)

========================================================================
Received Prepare
Registering precompiled user dll's ...
Registered in 0.001685 seconds.
Begin MonoManager ReloadAssembly
Native extension for WindowsStandalone target not found
Refreshing native plugins compatible for Editor in 0.57 ms, found 1 plugins.
Preloading 0 native plugins for Editor in 0.00 ms.
Mono: successfully reloaded assembly
- Completed reload, in  0.880 seconds
Platform modules already initialized, skipping
Shader 'Universal Render Pipeline/Particles/Lit': fallback shader 'Universal Render Pipeline/Particles/SimpleLit' not found
Refreshing native plugins compatible for Editor in 0.57 ms, found 1 plugins.
Preloading 0 native plugins for Editor in 0.00 ms.
Unloading 2865 Unused Serialized files (Serialized files now loaded: 0)
System memory in use before: 132.2 MB.
System memory in use after: 132.3 MB.

Unloading 13 unused Assets to reduce memory usage. Loaded Objects now: 3720.
Total: 2.803000 ms (FindLiveObjects: 0.463300 ms CreateObjectMapping: 0.189000 ms MarkObjects: 2.035900 ms  DeleteObjects: 0.114100 ms)

========================================================================
Received Prepare
Registering precompiled user dll's ...
Registered in 0.001683 seconds.
Begin MonoManager ReloadAssembly
Native extension for WindowsStandalone target not found
Refreshing native plugins compatible for Editor in 0.57 ms, found 1 plugins.
Preloading 0 native plugins for Editor in 0.00 ms.
Mono: successfully reloaded assembly
- Completed reload, in  0.910 seconds
Platform modules already initialized, skipping
Shader 'Universal Render Pipeline/Particles/Lit': fallback shader 'Universal Render Pipeline/Particles/SimpleLit' not found
Refreshing native plugins compatible for Editor in 0.57 ms, found 1 plugins.
Preloading 0 native plugins for Editor in 0.00 ms.
Unloading 2865 Unused Serialized files (Serialized files now loaded: 0)
System memory in use before: 132.3 MB.
System memory in use after: 132.3 MB.

Unloading 13 unused Assets to reduce memory usage. Loaded Objects now: 3724.
Total: 2.846300 ms (FindLiveObjects: 0.299100 ms CreateObjectMapping: 0.124000 ms MarkObjects: 2.313800 ms  DeleteObjects: 0.108600 ms)

========================================================================
Received Prepare
Registering precompiled user dll's ...
Registered in 0.001881 seconds.
Begin MonoManager ReloadAssembly
Native extension for WindowsStandalone target not found
Refreshing native plugins compatible for Editor in 0.57 ms, found 1 plugins.
Preloading 0 native plugins for Editor in 0.00 ms.
Mono: successfully reloaded assembly
- Completed reload, in  0.894 seconds
Platform modules already initialized, skipping
Shader 'Universal Render Pipeline/Particles/Lit': fallback shader 'Universal Render Pipeline/Particles/SimpleLit' not found
Refreshing native plugins compatible for Editor in 0.57 ms, found 1 plugins.
Preloading 0 native plugins for Editor in 0.00 ms.
Unloading 2865 Unused Serialized files (Serialized files now loaded: 0)
System memory in use before: 132.3 MB.
System memory in use after: 132.4 MB.

Unloading 13 unused Assets to reduce memory usage. Loaded Objects now: 3728.
Total: 2.897600 ms (FindLiveObjects: 0.409200 ms CreateObjectMapping: 0.236700 ms MarkObjects: 2.134800 ms  DeleteObjects: 0.115400 ms)

========================================================================
Received Prepare
Registering precompiled user dll's ...
Registered in 0.001817 seconds.
Begin MonoManager ReloadAssembly
Native extension for WindowsStandalone target not found
Refreshing native plugins compatible for Editor in 0.58 ms, found 1 plugins.
Preloading 0 native plugins for Editor in 0.00 ms.
Mono: successfully reloaded assembly
- Completed reload, in  0.929 seconds
Platform modules already initialized, skipping
Shader 'Universal Render Pipeline/Particles/Lit': fallback shader 'Universal Render Pipeline/Particles/SimpleLit' not found
Refreshing native plugins compatible for Editor in 0.56 ms, found 1 plugins.
Preloading 0 native plugins for Editor in 0.00 ms.
Unloading 2865 Unused Serialized files (Serialized files now loaded: 0)
System memory in use before: 132.3 MB.
System memory in use after: 132.4 MB.

Unloading 13 unused Assets to reduce memory usage. Loaded Objects now: 3732.
Total: 2.871900 ms (FindLiveObjects: 0.323900 ms CreateObjectMapping: 0.135500 ms MarkObjects: 2.285100 ms  DeleteObjects: 0.126300 ms)

========================================================================
Received Prepare
Registering precompiled user dll's ...
Registered in 0.001682 seconds.
Begin MonoManager ReloadAssembly
Native extension for WindowsStandalone target not found
Refreshing native plugins compatible for Editor in 0.56 ms, found 1 plugins.
Preloading 0 native plugins for Editor in 0.00 ms.
Mono: successfully reloaded assembly
- Completed reload, in  0.876 seconds
Platform modules already initialized, skipping
Shader 'Universal Render Pipeline/Particles/Lit': fallback shader 'Universal Render Pipeline/Particles/SimpleLit' not found
Refreshing native plugins compatible for Editor in 0.58 ms, found 1 plugins.
Preloading 0 native plugins for Editor in 0.00 ms.
Unloading 2865 Unused Serialized files (Serialized files now loaded: 0)
System memory in use before: 132.3 MB.
System memory in use after: 132.4 MB.

Unloading 13 unused Assets to reduce memory usage. Loaded Objects now: 3736.
Total: 2.935600 ms (FindLiveObjects: 0.339100 ms CreateObjectMapping: 0.170300 ms MarkObjects: 2.308600 ms  DeleteObjects: 0.115900 ms)

========================================================================
Received Prepare
Registering precompiled user dll's ...
Registered in 0.001665 seconds.
Begin MonoManager ReloadAssembly
Native extension for WindowsStandalone target not found
Refreshing native plugins compatible for Editor in 0.57 ms, found 1 plugins.
Preloading 0 native plugins for Editor in 0.00 ms.
Mono: successfully reloaded assembly
- Completed reload, in  0.875 seconds
Platform modules already initialized, skipping
Shader 'Universal Render Pipeline/Particles/Lit': fallback shader 'Universal Render Pipeline/Particles/SimpleLit' not found
Refreshing native plugins compatible for Editor in 0.57 ms, found 1 plugins.
Preloading 0 native plugins for Editor in 0.00 ms.
Unloading 2865 Unused Serialized files (Serialized files now loaded: 0)
System memory in use before: 132.3 MB.
System memory in use after: 132.4 MB.

Unloading 13 unused Assets to reduce memory usage. Loaded Objects now: 3740.
Total: 2.996000 ms (FindLiveObjects: 0.379700 ms CreateObjectMapping: 0.190300 ms MarkObjects: 2.312300 ms  DeleteObjects: 0.112400 ms)

========================================================================
Received Prepare
Registering precompiled user dll's ...
Registered in 0.001683 seconds.
Begin MonoManager ReloadAssembly
Native extension for WindowsStandalone target not found
Refreshing native plugins compatible for Editor in 0.58 ms, found 1 plugins.
Preloading 0 native plugins for Editor in 0.00 ms.
Mono: successfully reloaded assembly
- Completed reload, in  0.912 seconds
Platform modules already initialized, skipping
Shader 'Universal Render Pipeline/Particles/Lit': fallback shader 'Universal Render Pipeline/Particles/SimpleLit' not found
Refreshing native plugins compatible for Editor in 0.60 ms, found 1 plugins.
Preloading 0 native plugins for Editor in 0.00 ms.
Unloading 2865 Unused Serialized files (Serialized files now loaded: 0)
System memory in use before: 132.3 MB.
System memory in use after: 132.4 MB.

Unloading 13 unused Assets to reduce memory usage. Loaded Objects now: 3744.
Total: 2.592900 ms (FindLiveObjects: 0.374700 ms CreateObjectMapping: 0.138000 ms MarkObjects: 1.970600 ms  DeleteObjects: 0.108400 ms)

========================================================================
Received Prepare
Registering precompiled user dll's ...
Registered in 0.001682 seconds.
Begin MonoManager ReloadAssembly
Native extension for WindowsStandalone target not found
Refreshing native plugins compatible for Editor in 0.56 ms, found 1 plugins.
Preloading 0 native plugins for Editor in 0.00 ms.
Mono: successfully reloaded assembly
- Completed reload, in  0.897 seconds
Platform modules already initialized, skipping
Shader 'Universal Render Pipeline/Particles/Lit': fallback shader 'Universal Render Pipeline/Particles/SimpleLit' not found
Refreshing native plugins compatible for Editor in 0.57 ms, found 1 plugins.
Preloading 0 native plugins for Editor in 0.00 ms.
Unloading 2865 Unused Serialized files (Serialized files now loaded: 0)
System memory in use before: 132.3 MB.
System memory in use after: 132.4 MB.

Unloading 13 unused Assets to reduce memory usage. Loaded Objects now: 3748.
Total: 2.749400 ms (FindLiveObjects: 0.359200 ms CreateObjectMapping: 0.180700 ms MarkObjects: 2.101200 ms  DeleteObjects: 0.107100 ms)

========================================================================
Received Prepare
Registering precompiled user dll's ...
Registered in 0.001566 seconds.
Begin MonoManager ReloadAssembly
Native extension for WindowsStandalone target not found
Refreshing native plugins compatible for Editor in 0.56 ms, found 1 plugins.
Preloading 0 native plugins for Editor in 0.00 ms.
Mono: successfully reloaded assembly
- Completed reload, in  0.893 seconds
Platform modules already initialized, skipping
Shader 'Universal Render Pipeline/Particles/Lit': fallback shader 'Universal Render Pipeline/Particles/SimpleLit' not found
Refreshing native plugins compatible for Editor in 0.60 ms, found 1 plugins.
Preloading 0 native plugins for Editor in 0.00 ms.
Unloading 2865 Unused Serialized files (Serialized files now loaded: 0)
System memory in use before: 132.3 MB.
System memory in use after: 132.4 MB.

Unloading 13 unused Assets to reduce memory usage. Loaded Objects now: 3752.
Total: 3.124000 ms (FindLiveObjects: 0.476900 ms CreateObjectMapping: 0.188800 ms MarkObjects: 2.343300 ms  DeleteObjects: 0.114300 ms)

========================================================================
Received Prepare
Registering precompiled user dll's ...
Registered in 0.001674 seconds.
Begin MonoManager ReloadAssembly
Native extension for WindowsStandalone target not found
Refreshing native plugins compatible for Editor in 0.56 ms, found 1 plugins.
Preloading 0 native plugins for Editor in 0.00 ms.
Mono: successfully reloaded assembly
- Completed reload, in  0.900 seconds
Platform modules already initialized, skipping
Shader 'Universal Render Pipeline/Particles/Lit': fallback shader 'Universal Render Pipeline/Particles/SimpleLit' not found
Refreshing native plugins compatible for Editor in 0.58 ms, found 1 plugins.
Preloading 0 native plugins for Editor in 0.00 ms.
Unloading 2865 Unused Serialized files (Serialized files now loaded: 0)
System memory in use before: 132.3 MB.
System memory in use after: 132.4 MB.

Unloading 13 unused Assets to reduce memory usage. Loaded Objects now: 3756.
Total: 2.939200 ms (FindLiveObjects: 0.382700 ms CreateObjectMapping: 0.214400 ms MarkObjects: 2.220300 ms  DeleteObjects: 0.120500 ms)

========================================================================
Received Prepare
Registering precompiled user dll's ...
Registered in 0.001744 seconds.
Begin MonoManager ReloadAssembly
Native extension for WindowsStandalone target not found
Refreshing native plugins compatible for Editor in 0.56 ms, found 1 plugins.
Preloading 0 native plugins for Editor in 0.00 ms.
Mono: successfully reloaded assembly
- Completed reload, in  0.872 seconds
Platform modules already initialized, skipping
Shader 'Universal Render Pipeline/Particles/Lit': fallback shader 'Universal Render Pipeline/Particles/SimpleLit' not found
Refreshing native plugins compatible for Editor in 0.57 ms, found 1 plugins.
Preloading 0 native plugins for Editor in 0.00 ms.
Unloading 2865 Unused Serialized files (Serialized files now loaded: 0)
System memory in use before: 132.3 MB.
System memory in use after: 132.4 MB.

Unloading 13 unused Assets to reduce memory usage. Loaded Objects now: 3760.
Total: 2.579200 ms (FindLiveObjects: 0.312600 ms CreateObjectMapping: 0.148800 ms MarkObjects: 2.004800 ms  DeleteObjects: 0.111900 ms)

========================================================================
Received Prepare
Registering precompiled user dll's ...
Registered in 0.001721 seconds.
Begin MonoManager ReloadAssembly
Native extension for WindowsStandalone target not found
Refreshing native plugins compatible for Editor in 0.57 ms, found 1 plugins.
Preloading 0 native plugins for Editor in 0.00 ms.
Mono: successfully reloaded assembly
- Completed reload, in  0.919 seconds
Platform modules already initialized, skipping
Shader 'Universal Render Pipeline/Particles/Lit': fallback shader 'Universal Render Pipeline/Particles/SimpleLit' not found
Refreshing native plugins compatible for Editor in 0.57 ms, found 1 plugins.
Preloading 0 native plugins for Editor in 0.00 ms.
Unloading 2865 Unused Serialized files (Serialized files now loaded: 0)
System memory in use before: 132.3 MB.
System memory in use after: 132.4 MB.

Unloading 13 unused Assets to reduce memory usage. Loaded Objects now: 3764.
Total: 2.769100 ms (FindLiveObjects: 0.325600 ms CreateObjectMapping: 0.150400 ms MarkObjects: 2.182800 ms  DeleteObjects: 0.109100 ms)

========================================================================
Received Prepare
Registering precompiled user dll's ...
Registered in 0.001981 seconds.
Begin MonoManager ReloadAssembly
Native extension for WindowsStandalone target not found
Refreshing native plugins compatible for Editor in 0.57 ms, found 1 plugins.
Preloading 0 native plugins for Editor in 0.00 ms.
Mono: successfully reloaded assembly
- Completed reload, in  0.894 seconds
Platform modules already initialized, skipping
Shader 'Universal Render Pipeline/Particles/Lit': fallback shader 'Universal Render Pipeline/Particles/SimpleLit' not found
Refreshing native plugins compatible for Editor in 0.57 ms, found 1 plugins.
Preloading 0 native plugins for Editor in 0.00 ms.
Unloading 2865 Unused Serialized files (Serialized files now loaded: 0)
System memory in use before: 132.4 MB.
System memory in use after: 132.5 MB.

Unloading 13 unused Assets to reduce memory usage. Loaded Objects now: 3768.
Total: 2.651000 ms (FindLiveObjects: 0.362400 ms CreateObjectMapping: 0.184100 ms MarkObjects: 1.994600 ms  DeleteObjects: 0.109100 ms)

========================================================================
Received Prepare
Registering precompiled user dll's ...
Registered in 0.001762 seconds.
Begin MonoManager ReloadAssembly
Native extension for WindowsStandalone target not found
Refreshing native plugins compatible for Editor in 0.56 ms, found 1 plugins.
Preloading 0 native plugins for Editor in 0.00 ms.
Mono: successfully reloaded assembly
- Completed reload, in  0.928 seconds
Platform modules already initialized, skipping
Shader 'Universal Render Pipeline/Particles/Lit': fallback shader 'Universal Render Pipeline/Particles/SimpleLit' not found
Refreshing native plugins compatible for Editor in 0.57 ms, found 1 plugins.
Preloading 0 native plugins for Editor in 0.00 ms.
Unloading 2865 Unused Serialized files (Serialized files now loaded: 0)
System memory in use before: 132.4 MB.
System memory in use after: 132.5 MB.

Unloading 13 unused Assets to reduce memory usage. Loaded Objects now: 3772.
Total: 2.892200 ms (FindLiveObjects: 0.384400 ms CreateObjectMapping: 0.138100 ms MarkObjects: 2.253800 ms  DeleteObjects: 0.115100 ms)

========================================================================
Received Prepare
Registering precompiled user dll's ...
Registered in 0.001687 seconds.
Begin MonoManager ReloadAssembly
Native extension for WindowsStandalone target not found
Refreshing native plugins compatible for Editor in 0.56 ms, found 1 plugins.
Preloading 0 native plugins for Editor in 0.00 ms.
Mono: successfully reloaded assembly
- Completed reload, in  0.902 seconds
Platform modules already initialized, skipping
Shader 'Universal Render Pipeline/Particles/Lit': fallback shader 'Universal Render Pipeline/Particles/SimpleLit' not found
Refreshing native plugins compatible for Editor in 0.58 ms, found 1 plugins.
Preloading 0 native plugins for Editor in 0.00 ms.
Unloading 2865 Unused Serialized files (Serialized files now loaded: 0)
System memory in use before: 132.4 MB.
System memory in use after: 132.5 MB.

Unloading 13 unused Assets to reduce memory usage. Loaded Objects now: 3776.
Total: 2.567000 ms (FindLiveObjects: 0.279500 ms CreateObjectMapping: 0.112700 ms MarkObjects: 2.072400 ms  DeleteObjects: 0.101700 ms)

========================================================================
Received Prepare
Registering precompiled user dll's ...
Registered in 0.001648 seconds.
Begin MonoManager ReloadAssembly
Native extension for WindowsStandalone target not found
Refreshing native plugins compatible for Editor in 0.57 ms, found 1 plugins.
Preloading 0 native plugins for Editor in 0.00 ms.
Mono: successfully reloaded assembly
- Completed reload, in  1.002 seconds
Platform modules already initialized, skipping
Shader 'Universal Render Pipeline/Particles/Lit': fallback shader 'Universal Render Pipeline/Particles/SimpleLit' not found
Refreshing native plugins compatible for Editor in 0.57 ms, found 1 plugins.
Preloading 0 native plugins for Editor in 0.00 ms.
Unloading 2865 Unused Serialized files (Serialized files now loaded: 0)
System memory in use before: 132.4 MB.
System memory in use after: 132.5 MB.

Unloading 13 unused Assets to reduce memory usage. Loaded Objects now: 3780.
Total: 2.935500 ms (FindLiveObjects: 0.327900 ms CreateObjectMapping: 0.137900 ms MarkObjects: 2.352300 ms  DeleteObjects: 0.116500 ms)

========================================================================
Received Prepare
Registering precompiled user dll's ...
Registered in 0.001670 seconds.
Begin MonoManager ReloadAssembly
Native extension for WindowsStandalone target not found
Refreshing native plugins compatible for Editor in 0.63 ms, found 1 plugins.
Preloading 0 native plugins for Editor in 0.00 ms.
Mono: successfully reloaded assembly
- Completed reload, in  0.940 seconds
Platform modules already initialized, skipping
Shader 'Universal Render Pipeline/Particles/Lit': fallback shader 'Universal Render Pipeline/Particles/SimpleLit' not found
Refreshing native plugins compatible for Editor in 0.58 ms, found 1 plugins.
Preloading 0 native plugins for Editor in 0.00 ms.
Unloading 2865 Unused Serialized files (Serialized files now loaded: 0)
System memory in use before: 132.4 MB.
System memory in use after: 132.5 MB.

Unloading 13 unused Assets to reduce memory usage. Loaded Objects now: 3784.
Total: 2.790200 ms (FindLiveObjects: 0.389600 ms CreateObjectMapping: 0.202700 ms MarkObjects: 2.089000 ms  DeleteObjects: 0.107700 ms)

========================================================================
Received Prepare
Registering precompiled user dll's ...
Registered in 0.001651 seconds.
Begin MonoManager ReloadAssembly
Native extension for WindowsStandalone target not found
Refreshing native plugins compatible for Editor in 0.56 ms, found 1 plugins.
Preloading 0 native plugins for Editor in 0.00 ms.
Mono: successfully reloaded assembly
- Completed reload, in  0.903 seconds
Platform modules already initialized, skipping
Shader 'Universal Render Pipeline/Particles/Lit': fallback shader 'Universal Render Pipeline/Particles/SimpleLit' not found
Refreshing native plugins compatible for Editor in 0.56 ms, found 1 plugins.
Preloading 0 native plugins for Editor in 0.00 ms.
Unloading 2865 Unused Serialized files (Serialized files now loaded: 0)
System memory in use before: 132.4 MB.
System memory in use after: 132.5 MB.

Unloading 13 unused Assets to reduce memory usage. Loaded Objects now: 3788.
Total: 2.753800 ms (FindLiveObjects: 0.367500 ms CreateObjectMapping: 0.176500 ms MarkObjects: 2.098200 ms  DeleteObjects: 0.110300 ms)

========================================================================
Received Prepare
Registering precompiled user dll's ...
Registered in 0.001756 seconds.
Begin MonoManager ReloadAssembly
Native extension for WindowsStandalone target not found
Refreshing native plugins compatible for Editor in 0.66 ms, found 1 plugins.
Preloading 0 native plugins for Editor in 0.00 ms.
Mono: successfully reloaded assembly
- Completed reload, in  0.899 seconds
Platform modules already initialized, skipping
Shader 'Universal Render Pipeline/Particles/Lit': fallback shader 'Universal Render Pipeline/Particles/SimpleLit' not found
Refreshing native plugins compatible for Editor in 0.58 ms, found 1 plugins.
Preloading 0 native plugins for Editor in 0.00 ms.
Unloading 2865 Unused Serialized files (Serialized files now loaded: 0)
System memory in use before: 132.4 MB.
System memory in use after: 132.5 MB.

Unloading 13 unused Assets to reduce memory usage. Loaded Objects now: 3792.
Total: 2.835000 ms (FindLiveObjects: 0.364800 ms CreateObjectMapping: 0.158100 ms MarkObjects: 2.198400 ms  DeleteObjects: 0.112600 ms)

AssetImportWorkerClient::OnTransportError - code=2 error=End of file
